STEP to UG
! INFO-     NX STEP AP203 - V9.0
! INFO-      
! INFO-     Start of Translation: 31-DEC-2019  3:43:13 PM
! INFO-      
! STATUS-   Converting Part: C:\Users\Sven Schneider\Documents\NX\PickAndPlace\PickAndPlace_Mechanic\Cam\pcbs\Micromatch_V.stp
! SUMMARY-   
! SUMMARY-    STEP Header Information
! SUMMARY-   
! SUMMARY-  Description      Unknown
! SUMMARY-  Imp_Level        2;1
! SUMMARY-  File_Name        C-7-215083-6
! SUMMARY-  Date             2017-04-25T
! SUMMARY-  Author           workeradm
! SUMMARY-  Organization     Tyco Electronics Ltd.
! SUMMARY-  Pre_Version      CREO PARAMETRIC BY PTC INC, 2016050
! SUMMARY-  Orig_System      CREO PARAMETRIC BY PTC INC, 2016050
! SUMMARY-  Authorization    Unknown
! SUMMARY-  Schema_ID        automotive_design
! SUMMARY-   
! SUMMARY-    Summary of STEP Entities
! SUMMARY-   
! SUMMARY-  Entity Type                                                   Count
! SUMMARY-  -----------                                                   ------
! SUMMARY-  advanced_brep_shape_representation .........................:      1
! SUMMARY-  advanced_face ..............................................:    423
! SUMMARY-  application_context ........................................:      1
! SUMMARY-  application_protocol_definition ............................:      1
! SUMMARY-  axis2_placement_3d .........................................:    567
! SUMMARY-  b_spline_curve_with_knots ..................................:    112
! SUMMARY-  cartesian_point ............................................:   3044
! SUMMARY-  circle .....................................................:    144
! SUMMARY-  closed_shell ...............................................:      1
! SUMMARY-  conversion_based_unit_and_plane_angle_unit .................:      1
! SUMMARY-  cylindrical_surface ........................................:     98
! SUMMARY-  direction ..................................................:   2118
! SUMMARY-  edge_curve .................................................:   1240
! SUMMARY-  edge_loop ..................................................:    467
! SUMMARY-  face_bound .................................................:     44
! SUMMARY-  face_outer_bound ...........................................:    423
! SUMMARY-  geometric_representation_context_and_global_uncertainty_a ..:      1
! SUMMARY-  length_unit_and_si_unit ....................................:      5
! SUMMARY-  line .......................................................:    984
! SUMMARY-  manifold_solid_brep ........................................:      1
! SUMMARY-  oriented_edge ..............................................:   2480
! SUMMARY-  plane ......................................................:    325
! SUMMARY-  plane_angle_measure_with_unit ..............................:      1
! SUMMARY-  plane_angle_unit_and_si_unit ...............................:      1
! SUMMARY-  product ....................................................:      1
! SUMMARY-  product_context ............................................:      1
! SUMMARY-  product_definition .........................................:      1
! SUMMARY-  product_definition_context .................................:      1
! SUMMARY-  product_definition_formation ...............................:      1
! SUMMARY-  product_definition_shape ...................................:      1
! SUMMARY-  product_related_product_category ...........................:      1
! SUMMARY-  property_definition ........................................:      7
! SUMMARY-  property_definition_representation .........................:      6
! SUMMARY-  representation .............................................:      6
! SUMMARY-  shape_aspect ...............................................:      1
! SUMMARY-  shape_definition_representation ............................:      2
! SUMMARY-  shape_representation .......................................:      1
! SUMMARY-  si_unit_and_solid_angle_unit ...............................:      1
! SUMMARY-  uncertainty_measure_with_unit ..............................:      1
! SUMMARY-  vector .....................................................:    984
! SUMMARY-  vertex_point ...............................................:    821
! SUMMARY-                                                               -------
! SUMMARY-  Total                                                          14320
! STATUS-    
! STATUS-   Converting to Output Form (Phase 2 of 3): 31-DEC-2019 3:43:13 PM
! STATUS-    
! STATUS-    
! STATUS-   Generating UG geometry and placing them in parts
! STATUS-    
! STATUS-   Creating the UG part (Phase 3 of 3): 31-DEC-2019  3:43:13 PM
! STATUS-    
! STATUS-   Creating UG solid body from Input Ent Id 14407
! STATUS-    
! STATUS-   fixing vertex and/or edge off surface faults
! STATUS-    
! STATUS-   simplifying Bsplines to analytics
! STATUS-    
! STATUS-   converting tolerant edges into exact edges
! STATUS-    
! STATUS-   doing final check of body to report any faults
! STATUS-    
! INFO-     Filing Part ..: C:\Users\Sven Schneider\Documents\NX\PickAndPlace\PickAndPlace_Mechanic\Cam\pcbs\Micromatch_V_stp.prt
! SUMMARY-   
! SUMMARY-  Summary of Unigraphics Part Entities
! SUMMARY-   
! SUMMARY-  Entities Processed             Count
! SUMMARY-  ------------------             -----
! SUMMARY-  Part Attribute ..............:     5
! SUMMARY-  Reference Set ...............:     2
! SUMMARY-  Solid .......................:     1
! SUMMARY-                                 -----
! SUMMARY-  Total                              8
! INFO-      
! INFO-     Total number of solids input for this translation       :         1
! INFO-      
! INFO-     Number of solids created without body validation faults :         1
! INFO-      
! INFO-     Number of solids created with body validation fault(s)  :         0
! INFO-      
! INFO-     Number of solids ending up as sheet bodies              :         0
! INFO-      
! INFO-     End of Translation: 31-DEC-2019  3:43:14 PM
! INFO-      
